The system is: Windows - 10.0.17134 - AMD64
Compiling the C compiler identification source file "CMakeCCompilerId.c" succeeded.
Compiler: C:/Program Files (x86)/Microsoft Visual Studio/2019/Professional/VC/Tools/MSVC/14.22.27905/bin/HostX64/x64/cl.exe 
Build flags: 
Id flags:  

The output was:
0
Microsoft (R) C/C++ Optimizing Compiler Version 19.22.27905 for x64
Copyright (C) Microsoft Corporation.  All rights reserved.

CMakeCCompilerId.c
Microsoft (R) Incremental Linker Version 14.22.27905.0
Copyright (C) Microsoft Corporation.  All rights reserved.

/out:CMakeCCompilerId.exe 
CMakeCCompilerId.obj 


Compilation of the C compiler identification source "CMakeCCompilerId.c" produced "CMakeCCompilerId.exe"

Compilation of the C compiler identification source "CMakeCCompilerId.c" produced "CMakeCCompilerId.obj"

The C compiler identification is MSVC, found in "C:/Workarea/test/Cmake-Builder/sqlite4/out/build/x64-Debug/CMakeFiles/3.14.19060802-MSVC_2/CompilerIdC/CMakeCCompilerId.exe"

Determining if the C compiler works passed with the following output:
Change Dir: C:/Workarea/test/Cmake-Builder/sqlite4/out/build/x64-Debug/CMakeFiles/CMakeTmp

Run Build Command(s):C:/Program Files (x86)/Microsoft Visual Studio/2019/Professional/Common7/IDE/CommonExtensions/Microsoft/CMake/Ninja/ninja.exe cmTC_10ae0 
[1/2] Building C object CMakeFiles\cmTC_10ae0.dir\testCCompiler.c.obj
[2/2] Linking C executable cmTC_10ae0.exe


Detecting C compiler ABI info compiled with the following output:
Change Dir: C:/Workarea/test/Cmake-Builder/sqlite4/out/build/x64-Debug/CMakeFiles/CMakeTmp

Run Build Command(s):C:/Program Files (x86)/Microsoft Visual Studio/2019/Professional/Common7/IDE/CommonExtensions/Microsoft/CMake/Ninja/ninja.exe cmTC_16dd8 
[1/2] Building C object CMakeFiles\cmTC_16dd8.dir\CMakeCCompilerABI.c.obj
[2/2] Linking C executable cmTC_16dd8.exe




Detecting C [] compiler features compiled with the following output:
Change Dir: C:/Workarea/test/Cmake-Builder/sqlite4/out/build/x64-Debug/CMakeFiles/CMakeTmp

Run Build Command(s):C:/Program Files (x86)/Microsoft Visual Studio/2019/Professional/Common7/IDE/CommonExtensions/Microsoft/CMake/Ninja/ninja.exe cmTC_d2382 
[1/2] Building C object CMakeFiles\cmTC_d2382.dir\feature_tests.c.obj
[2/2] Linking C executable cmTC_d2382.exe


    Feature record: C_FEATURE:1c_function_prototypes
    Feature record: C_FEATURE:1c_variadic_macros
